-------------------------------------------------------------------------------
Test set: com.neo.HelloApplicationTests
-------------------------------------------------------------------------------
Tests run: 1, Failures: 0, Errors: 1, Skipped: 0, Time elapsed: 0.265 s <<< FAILURE! - in com.neo.HelloApplicationTests
initializationError(com.neo.HelloApplicationTests)  Time elapsed: 0.005 s  <<< ERROR!
org.springframework.beans.BeanInstantiationException: Failed to instantiate [org.springframework.boot.test.context.SpringBootContextLoader]: Unresolvable class definition; nested exception is java.lang.NoClassDefFoundError: org/springframework/boot/context/properties/source/ConfigurationPropertySource
Caused by: java.lang.NoClassDefFoundError: org/springframework/boot/context/properties/source/ConfigurationPropertySource
Caused by: java.lang.ClassNotFoundException: org.springframework.boot.context.properties.source.ConfigurationPropertySource

